Internal Server Error: /projects/
Traceback (most recent call last):
  File "C:\Users\Nevan Nunes\AppData\Local\Programs\Python\Python313\Lib\site-packages\django\core\handlers\exception.py", line 55, in inner
    response = get_response(request)
  File "C:\Users\Nevan Nunes\AppData\Local\Programs\Python\Python313\Lib\site-packages\django\core\handlers\base.py", line 197, in _get_response
    response = wrapped_callback(request, *callback_args, **callback_kwargs)
  File "D:\portfolio\home\views.py", line 24, in project_list
    return JsonResponse({"projects": projects})
  File "C:\Users\Nevan Nunes\AppData\Local\Programs\Python\Python313\Lib\site-packages\django\http\response.py", line 733, in __init__
    data = json.dumps(data, cls=encoder, **json_dumps_params)
  File "C:\Users\Nevan Nunes\AppData\Local\Programs\Python\Python313\Lib\json\__init__.py", line 238, in dumps
    **kw).encode(obj)
          ~~~~~~^^^^^
  File "C:\Users\Nevan Nunes\AppData\Local\Programs\Python\Python313\Lib\json\encoder.py", line 200, in encode
    chunks = self.iterencode(o, _one_shot=True)
  File "C:\Users\Nevan Nunes\AppData\Local\Programs\Python\Python313\Lib\json\encoder.py", line 261, in iterencode
    return _iterencode(o, 0)
  File "C:\Users\Nevan Nunes\AppData\Local\Programs\Python\Python313\Lib\site-packages\django\core\serializers\json.py", line 106, in default
    return super().default(o)
           ~~~~~~~~~~~~~~~^^^
  File "C:\Users\Nevan Nunes\AppData\Local\Programs\Python\Python313\Lib\json\encoder.py", line 180, in default
    raise TypeError(f'Object of type {o.__class__.__name__} '
                    f'is not JSON serializable')
TypeError: Object of type QuerySet is not JSON serializable
"GET /projects/ HTTP/1.1" 500 94375
Internal Server Error: /projects/
Traceback (most recent call last):
  File "C:\Users\Nevan Nunes\AppData\Local\Programs\Python\Python313\Lib\site-packages\django\core\handlers\exception.py", line 55, in inner
    response = get_response(request)
  File "C:\Users\Nevan Nunes\AppData\Local\Programs\Python\Python313\Lib\site-packages\django\core\handlers\base.py", line 197, in _get_response
    response = wrapped_callback(request, *callback_args, **callback_kwargs)
  File "D:\portfolio\home\views.py", line 24, in project_list
    return JsonResponse({"projects": projects})
  File "C:\Users\Nevan Nunes\AppData\Local\Programs\Python\Python313\Lib\site-packages\django\http\response.py", line 733, in __init__
    data = json.dumps(data, cls=encoder, **json_dumps_params)
  File "C:\Users\Nevan Nunes\AppData\Local\Programs\Python\Python313\Lib\json\__init__.py", line 238, in dumps
    **kw).encode(obj)
          ~~~~~~^^^^^
  File "C:\Users\Nevan Nunes\AppData\Local\Programs\Python\Python313\Lib\json\encoder.py", line 200, in encode
    chunks = self.iterencode(o, _one_shot=True)
  File "C:\Users\Nevan Nunes\AppData\Local\Programs\Python\Python313\Lib\json\encoder.py", line 261, in iterencode
    return _iterencode(o, 0)
  File "C:\Users\Nevan Nunes\AppData\Local\Programs\Python\Python313\Lib\site-packages\django\core\serializers\json.py", line 106, in default
    return super().default(o)
           ~~~~~~~~~~~~~~~^^^
  File "C:\Users\Nevan Nunes\AppData\Local\Programs\Python\Python313\Lib\json\encoder.py", line 180, in default
    raise TypeError(f'Object of type {o.__class__.__name__} '
                    f'is not JSON serializable')
TypeError: Object of type QuerySet is not JSON serializable
"GET /projects/ HTTP/1.1" 500 94375
Internal Server Error: /projects/
Traceback (most recent call last):
  File "C:\Users\Nevan Nunes\AppData\Local\Programs\Python\Python313\Lib\site-packages\django\core\handlers\exception.py", line 55, in inner
    response = get_response(request)
  File "C:\Users\Nevan Nunes\AppData\Local\Programs\Python\Python313\Lib\site-packages\django\core\handlers\base.py", line 197, in _get_response
    response = wrapped_callback(request, *callback_args, **callback_kwargs)
  File "D:\portfolio\home\views.py", line 24, in project_list
    return JsonResponse({"projects": projects})
  File "C:\Users\Nevan Nunes\AppData\Local\Programs\Python\Python313\Lib\site-packages\django\http\response.py", line 733, in __init__
    data = json.dumps(data, cls=encoder, **json_dumps_params)
  File "C:\Users\Nevan Nunes\AppData\Local\Programs\Python\Python313\Lib\json\__init__.py", line 238, in dumps
    **kw).encode(obj)
          ~~~~~~^^^^^
  File "C:\Users\Nevan Nunes\AppData\Local\Programs\Python\Python313\Lib\json\encoder.py", line 200, in encode
    chunks = self.iterencode(o, _one_shot=True)
  File "C:\Users\Nevan Nunes\AppData\Local\Programs\Python\Python313\Lib\json\encoder.py", line 261, in iterencode
    return _iterencode(o, 0)
  File "C:\Users\Nevan Nunes\AppData\Local\Programs\Python\Python313\Lib\site-packages\django\core\serializers\json.py", line 106, in default
    return super().default(o)
           ~~~~~~~~~~~~~~~^^^
  File "C:\Users\Nevan Nunes\AppData\Local\Programs\Python\Python313\Lib\json\encoder.py", line 180, in default
    raise TypeError(f'Object of type {o.__class__.__name__} '
                    f'is not JSON serializable')
TypeError: Object of type QuerySet is not JSON serializable
"GET /projects/ HTTP/1.1" 500 94375
Internal Server Error: /projects/
Traceback (most recent call last):
  File "C:\Users\Nevan Nunes\AppData\Local\Programs\Python\Python313\Lib\site-packages\django\core\handlers\exception.py", line 55, in inner
    response = get_response(request)
  File "C:\Users\Nevan Nunes\AppData\Local\Programs\Python\Python313\Lib\site-packages\django\core\handlers\base.py", line 197, in _get_response
    response = wrapped_callback(request, *callback_args, **callback_kwargs)
  File "D:\portfolio\home\views.py", line 24, in project_list
    return JsonResponse({"projects": projects})
  File "C:\Users\Nevan Nunes\AppData\Local\Programs\Python\Python313\Lib\site-packages\django\http\response.py", line 733, in __init__
    data = json.dumps(data, cls=encoder, **json_dumps_params)
  File "C:\Users\Nevan Nunes\AppData\Local\Programs\Python\Python313\Lib\json\__init__.py", line 238, in dumps
    **kw).encode(obj)
          ~~~~~~^^^^^
  File "C:\Users\Nevan Nunes\AppData\Local\Programs\Python\Python313\Lib\json\encoder.py", line 200, in encode
    chunks = self.iterencode(o, _one_shot=True)
  File "C:\Users\Nevan Nunes\AppData\Local\Programs\Python\Python313\Lib\json\encoder.py", line 261, in iterencode
    return _iterencode(o, 0)
  File "C:\Users\Nevan Nunes\AppData\Local\Programs\Python\Python313\Lib\site-packages\django\core\serializers\json.py", line 106, in default
    return super().default(o)
           ~~~~~~~~~~~~~~~^^^
  File "C:\Users\Nevan Nunes\AppData\Local\Programs\Python\Python313\Lib\json\encoder.py", line 180, in default
    raise TypeError(f'Object of type {o.__class__.__name__} '
                    f'is not JSON serializable')
TypeError: Object of type QuerySet is not JSON serializable
"GET /projects/ HTTP/1.1" 500 94375
Internal Server Error: /projects/
Traceback (most recent call last):
  File "C:\Users\Nevan Nunes\AppData\Local\Programs\Python\Python313\Lib\site-packages\django\core\handlers\exception.py", line 55, in inner
    response = get_response(request)
  File "C:\Users\Nevan Nunes\AppData\Local\Programs\Python\Python313\Lib\site-packages\django\core\handlers\base.py", line 197, in _get_response
    response = wrapped_callback(request, *callback_args, **callback_kwargs)
  File "D:\portfolio\home\views.py", line 24, in project_list
    return JsonResponse({"projects": projects})
  File "C:\Users\Nevan Nunes\AppData\Local\Programs\Python\Python313\Lib\site-packages\django\http\response.py", line 733, in __init__
    data = json.dumps(data, cls=encoder, **json_dumps_params)
  File "C:\Users\Nevan Nunes\AppData\Local\Programs\Python\Python313\Lib\json\__init__.py", line 238, in dumps
    **kw).encode(obj)
          ~~~~~~^^^^^
  File "C:\Users\Nevan Nunes\AppData\Local\Programs\Python\Python313\Lib\json\encoder.py", line 200, in encode
    chunks = self.iterencode(o, _one_shot=True)
  File "C:\Users\Nevan Nunes\AppData\Local\Programs\Python\Python313\Lib\json\encoder.py", line 261, in iterencode
    return _iterencode(o, 0)
  File "C:\Users\Nevan Nunes\AppData\Local\Programs\Python\Python313\Lib\site-packages\django\core\serializers\json.py", line 106, in default
    return super().default(o)
           ~~~~~~~~~~~~~~~^^^
  File "C:\Users\Nevan Nunes\AppData\Local\Programs\Python\Python313\Lib\json\encoder.py", line 180, in default
    raise TypeError(f'Object of type {o.__class__.__name__} '
                    f'is not JSON serializable')
TypeError: Object of type QuerySet is not JSON serializable
"GET /projects/ HTTP/1.1" 500 94375
Internal Server Error: /projects/
Traceback (most recent call last):
  File "C:\Users\Nevan Nunes\AppData\Local\Programs\Python\Python313\Lib\site-packages\django\core\handlers\exception.py", line 55, in inner
    response = get_response(request)
  File "C:\Users\Nevan Nunes\AppData\Local\Programs\Python\Python313\Lib\site-packages\django\core\handlers\base.py", line 197, in _get_response
    response = wrapped_callback(request, *callback_args, **callback_kwargs)
  File "D:\portfolio\home\views.py", line 24, in project_list
    return JsonResponse({"projects": projects})
  File "C:\Users\Nevan Nunes\AppData\Local\Programs\Python\Python313\Lib\site-packages\django\http\response.py", line 733, in __init__
    data = json.dumps(data, cls=encoder, **json_dumps_params)
  File "C:\Users\Nevan Nunes\AppData\Local\Programs\Python\Python313\Lib\json\__init__.py", line 238, in dumps
    **kw).encode(obj)
          ~~~~~~^^^^^
  File "C:\Users\Nevan Nunes\AppData\Local\Programs\Python\Python313\Lib\json\encoder.py", line 200, in encode
    chunks = self.iterencode(o, _one_shot=True)
  File "C:\Users\Nevan Nunes\AppData\Local\Programs\Python\Python313\Lib\json\encoder.py", line 261, in iterencode
    return _iterencode(o, 0)
  File "C:\Users\Nevan Nunes\AppData\Local\Programs\Python\Python313\Lib\site-packages\django\core\serializers\json.py", line 106, in default
    return super().default(o)
           ~~~~~~~~~~~~~~~^^^
  File "C:\Users\Nevan Nunes\AppData\Local\Programs\Python\Python313\Lib\json\encoder.py", line 180, in default
    raise TypeError(f'Object of type {o.__class__.__name__} '
                    f'is not JSON serializable')
TypeError: Object of type QuerySet is not JSON serializable
"GET /projects/ HTTP/1.1" 500 94375
Internal Server Error: /projects/
Traceback (most recent call last):
  File "C:\Users\Nevan Nunes\AppData\Local\Programs\Python\Python313\Lib\site-packages\django\core\handlers\exception.py", line 55, in inner
    response = get_response(request)
  File "C:\Users\Nevan Nunes\AppData\Local\Programs\Python\Python313\Lib\site-packages\django\core\handlers\base.py", line 197, in _get_response
    response = wrapped_callback(request, *callback_args, **callback_kwargs)
  File "D:\portfolio\home\views.py", line 24, in project_list
    return JsonResponse({"projects": projects})
  File "C:\Users\Nevan Nunes\AppData\Local\Programs\Python\Python313\Lib\site-packages\django\http\response.py", line 733, in __init__
    data = json.dumps(data, cls=encoder, **json_dumps_params)
  File "C:\Users\Nevan Nunes\AppData\Local\Programs\Python\Python313\Lib\json\__init__.py", line 238, in dumps
    **kw).encode(obj)
          ~~~~~~^^^^^
  File "C:\Users\Nevan Nunes\AppData\Local\Programs\Python\Python313\Lib\json\encoder.py", line 200, in encode
    chunks = self.iterencode(o, _one_shot=True)
  File "C:\Users\Nevan Nunes\AppData\Local\Programs\Python\Python313\Lib\json\encoder.py", line 261, in iterencode
    return _iterencode(o, 0)
  File "C:\Users\Nevan Nunes\AppData\Local\Programs\Python\Python313\Lib\site-packages\django\core\serializers\json.py", line 106, in default
    return super().default(o)
           ~~~~~~~~~~~~~~~^^^
  File "C:\Users\Nevan Nunes\AppData\Local\Programs\Python\Python313\Lib\json\encoder.py", line 180, in default
    raise TypeError(f'Object of type {o.__class__.__name__} '
                    f'is not JSON serializable')
TypeError: Object of type QuerySet is not JSON serializable
"GET /projects/ HTTP/1.1" 500 94375
Internal Server Error: /projects/
Traceback (most recent call last):
  File "C:\Users\Nevan Nunes\AppData\Local\Programs\Python\Python313\Lib\site-packages\django\core\handlers\exception.py", line 55, in inner
    response = get_response(request)
  File "C:\Users\Nevan Nunes\AppData\Local\Programs\Python\Python313\Lib\site-packages\django\core\handlers\base.py", line 197, in _get_response
    response = wrapped_callback(request, *callback_args, **callback_kwargs)
  File "D:\portfolio\home\views.py", line 24, in project_list
    return JsonResponse({"projects": projects})
  File "C:\Users\Nevan Nunes\AppData\Local\Programs\Python\Python313\Lib\site-packages\django\http\response.py", line 733, in __init__
    data = json.dumps(data, cls=encoder, **json_dumps_params)
  File "C:\Users\Nevan Nunes\AppData\Local\Programs\Python\Python313\Lib\json\__init__.py", line 238, in dumps
    **kw).encode(obj)
          ~~~~~~^^^^^
  File "C:\Users\Nevan Nunes\AppData\Local\Programs\Python\Python313\Lib\json\encoder.py", line 200, in encode
    chunks = self.iterencode(o, _one_shot=True)
  File "C:\Users\Nevan Nunes\AppData\Local\Programs\Python\Python313\Lib\json\encoder.py", line 261, in iterencode
    return _iterencode(o, 0)
  File "C:\Users\Nevan Nunes\AppData\Local\Programs\Python\Python313\Lib\site-packages\django\core\serializers\json.py", line 106, in default
    return super().default(o)
           ~~~~~~~~~~~~~~~^^^
  File "C:\Users\Nevan Nunes\AppData\Local\Programs\Python\Python313\Lib\json\encoder.py", line 180, in default
    raise TypeError(f'Object of type {o.__class__.__name__} '
                    f'is not JSON serializable')
TypeError: Object of type QuerySet is not JSON serializable
"GET /projects/ HTTP/1.1" 500 94375
Internal Server Error: /projects/
Traceback (most recent call last):
  File "C:\Users\Nevan Nunes\AppData\Local\Programs\Python\Python313\Lib\site-packages\django\core\handlers\exception.py", line 55, in inner
    response = get_response(request)
  File "C:\Users\Nevan Nunes\AppData\Local\Programs\Python\Python313\Lib\site-packages\django\core\handlers\base.py", line 197, in _get_response
    response = wrapped_callback(request, *callback_args, **callback_kwargs)
  File "D:\portfolio\home\views.py", line 24, in project_list
    return JsonResponse({"projects": projects})
  File "C:\Users\Nevan Nunes\AppData\Local\Programs\Python\Python313\Lib\site-packages\django\http\response.py", line 733, in __init__
    data = json.dumps(data, cls=encoder, **json_dumps_params)
  File "C:\Users\Nevan Nunes\AppData\Local\Programs\Python\Python313\Lib\json\__init__.py", line 238, in dumps
    **kw).encode(obj)
          ~~~~~~^^^^^
  File "C:\Users\Nevan Nunes\AppData\Local\Programs\Python\Python313\Lib\json\encoder.py", line 200, in encode
    chunks = self.iterencode(o, _one_shot=True)
  File "C:\Users\Nevan Nunes\AppData\Local\Programs\Python\Python313\Lib\json\encoder.py", line 261, in iterencode
    return _iterencode(o, 0)
  File "C:\Users\Nevan Nunes\AppData\Local\Programs\Python\Python313\Lib\site-packages\django\core\serializers\json.py", line 106, in default
    return super().default(o)
           ~~~~~~~~~~~~~~~^^^
  File "C:\Users\Nevan Nunes\AppData\Local\Programs\Python\Python313\Lib\json\encoder.py", line 180, in default
    raise TypeError(f'Object of type {o.__class__.__name__} '
                    f'is not JSON serializable')
TypeError: Object of type QuerySet is not JSON serializable
"GET /projects/ HTTP/1.1" 500 94375
Internal Server Error: /projects/
Traceback (most recent call last):
  File "C:\Users\Nevan Nunes\AppData\Local\Programs\Python\Python313\Lib\site-packages\django\core\handlers\exception.py", line 55, in inner
    response = get_response(request)
  File "C:\Users\Nevan Nunes\AppData\Local\Programs\Python\Python313\Lib\site-packages\django\core\handlers\base.py", line 197, in _get_response
    response = wrapped_callback(request, *callback_args, **callback_kwargs)
  File "D:\portfolio\home\views.py", line 24, in project_list
    return JsonResponse({"projects": projects})
  File "C:\Users\Nevan Nunes\AppData\Local\Programs\Python\Python313\Lib\site-packages\django\http\response.py", line 733, in __init__
    data = json.dumps(data, cls=encoder, **json_dumps_params)
  File "C:\Users\Nevan Nunes\AppData\Local\Programs\Python\Python313\Lib\json\__init__.py", line 238, in dumps
    **kw).encode(obj)
          ~~~~~~^^^^^
  File "C:\Users\Nevan Nunes\AppData\Local\Programs\Python\Python313\Lib\json\encoder.py", line 200, in encode
    chunks = self.iterencode(o, _one_shot=True)
  File "C:\Users\Nevan Nunes\AppData\Local\Programs\Python\Python313\Lib\json\encoder.py", line 261, in iterencode
    return _iterencode(o, 0)
  File "C:\Users\Nevan Nunes\AppData\Local\Programs\Python\Python313\Lib\site-packages\django\core\serializers\json.py", line 106, in default
    return super().default(o)
           ~~~~~~~~~~~~~~~^^^
  File "C:\Users\Nevan Nunes\AppData\Local\Programs\Python\Python313\Lib\json\encoder.py", line 180, in default
    raise TypeError(f'Object of type {o.__class__.__name__} '
                    f'is not JSON serializable')
TypeError: Object of type QuerySet is not JSON serializable
"GET /projects/ HTTP/1.1" 500 94375
